<?xml version="1.0" encoding="UTF-8"?>
<!-- Generated by org.testng.reporters.JUnitXMLReporter -->
<testsuite ignored="0" hostname="DESKTOP-DRTC6PB" failures="0" tests="6" name="Default test" time="16.312" errors="0" timestamp="2024-09-20T12:38:53 IST">
  <testcase classname="com.fm.KeywordDrivenFramework" name="test" time="3.52"/>
  <testcase classname="com.fm.KeywordDrivenFramework" name="test" time="4.499"/>
  <testcase classname="com.fm.KeywordDrivenFramework" name="test" time="2.277"/>
  <testcase classname="com.fm.KeywordDrivenFramework" name="test" time="2.169"/>
  <testcase classname="com.fm.KeywordDrivenFramework" name="test" time="2.221"/>
  <testcase classname="com.fm.KeywordDrivenFramework" name="test" time="0.334"/>
</testsuite> <!-- Default test -->
