<?xml version="1.0" encoding="UTF-8"?>
<!-- Generated by org.testng.reporters.JUnitXMLReporter -->
<testsuite ignored="0" hostname="DESKTOP-DRTC6PB" failures="0" tests="3" name="Default test" time="56.887" errors="0" timestamp="2024-10-09T14:48:36 IST">
  <testcase classname="com.assessment.WebTableTechlistic" name="findTallestStructure" time="0.457"/>
  <testcase classname="com.assessment.WebTableTechlistic" name="verifyColumnsInLastRow" time="0.06"/>
  <testcase classname="com.assessment.WebTableTechlistic" name="verifyStructureValues" time="2.168"/>
</testsuite> <!-- Default test -->
