<?xml version="1.0" encoding="UTF-8"?>
<testng-results ignored="0" total="6" passed="6" failed="0" skipped="0">
  <reporter-output>
  </reporter-output>
  <suite started-at="2024-09-20T12:38:37 IST" name="Default suite" finished-at="2024-09-20T12:38:53 IST" duration-ms="16312">
    <groups>
    </groups>
    <test started-at="2024-09-20T12:38:37 IST" name="Default test" finished-at="2024-09-20T12:38:53 IST" duration-ms="16312">
      <class name="com.fm.KeywordDrivenFramework">
        <test-method signature="test(java.lang.String)[pri:0, instance:com.fm.KeywordDrivenFramework@79924b]" started-at="2024-09-20T12:38:38 IST" name="test" data-provider="saucedemo" finished-at="2024-09-20T12:38:41 IST" duration-ms="3520" status="PASS">
          <params>
            <param index="0">
              <value>
                <![CDATA[open browser]]>
              </value>
            </param>
          </params>
          <reporter-output>
          </reporter-output>
        </test-method> <!-- test -->
        <test-method signature="test(java.lang.String)[pri:0, instance:com.fm.KeywordDrivenFramework@79924b]" started-at="2024-09-20T12:38:41 IST" name="test" data-provider="saucedemo" finished-at="2024-09-20T12:38:46 IST" duration-ms="4499" status="PASS">
          <params>
            <param index="0">
              <value>
                <![CDATA[enter url]]>
              </value>
            </param>
          </params>
          <reporter-output>
          </reporter-output>
        </test-method> <!-- test -->
        <test-method signature="test(java.lang.String)[pri:0, instance:com.fm.KeywordDrivenFramework@79924b]" started-at="2024-09-20T12:38:46 IST" name="test" data-provider="saucedemo" finished-at="2024-09-20T12:38:48 IST" duration-ms="2277" status="PASS">
          <params>
            <param index="0">
              <value>
                <![CDATA[enter username]]>
              </value>
            </param>
          </params>
          <reporter-output>
          </reporter-output>
        </test-method> <!-- test -->
        <test-method signature="test(java.lang.String)[pri:0, instance:com.fm.KeywordDrivenFramework@79924b]" started-at="2024-09-20T12:38:48 IST" name="test" data-provider="saucedemo" finished-at="2024-09-20T12:38:50 IST" duration-ms="2169" status="PASS">
          <params>
            <param index="0">
              <value>
                <![CDATA[enter password]]>
              </value>
            </param>
          </params>
          <reporter-output>
          </reporter-output>
        </test-method> <!-- test -->
        <test-method signature="test(java.lang.String)[pri:0, instance:com.fm.KeywordDrivenFramework@79924b]" started-at="2024-09-20T12:38:50 IST" name="test" data-provider="saucedemo" finished-at="2024-09-20T12:38:53 IST" duration-ms="2221" status="PASS">
          <params>
            <param index="0">
              <value>
                <![CDATA[click login]]>
              </value>
            </param>
          </params>
          <reporter-output>
          </reporter-output>
        </test-method> <!-- test -->
        <test-method signature="test(java.lang.String)[pri:0, instance:com.fm.KeywordDrivenFramework@79924b]" started-at="2024-09-20T12:38:53 IST" name="test" data-provider="saucedemo" finished-at="2024-09-20T12:38:53 IST" duration-ms="334" status="PASS">
          <params>
            <param index="0">
              <value>
                <![CDATA[close browser]]>
              </value>
            </param>
          </params>
          <reporter-output>
          </reporter-output>
        </test-method> <!-- test -->
      </class> <!-- com.fm.KeywordDrivenFramework -->
    </test> <!-- Default test -->
  </suite> <!-- Default suite -->
</testng-results>
