<?xml version="1.0" encoding="UTF-8"?>
<testng-results ignored="0" total="3" passed="3" failed="0" skipped="0">
  <reporter-output>
  </reporter-output>
  <suite started-at="2024-10-09T14:47:40 IST" name="Default suite" finished-at="2024-10-09T14:48:36 IST" duration-ms="56887">
    <groups>
    </groups>
    <test started-at="2024-10-09T14:47:40 IST" name="Default test" finished-at="2024-10-09T14:48:36 IST" duration-ms="56887">
      <class name="com.assessment.WebTableTechlistic">
        <test-method is-config="true" signature="setup()[pri:0, instance:com.assessment.WebTableTechlistic@3febb011]" started-at="2024-10-09T14:47:40 IST" name="setup" finished-at="2024-10-09T14:48:32 IST" duration-ms="52685" status="PASS">
          <reporter-output>
          </reporter-output>
        </test-method> <!-- setup -->
        <test-method signature="findTallestStructure()[pri:0, instance:com.assessment.WebTableTechlistic@3febb011]" started-at="2024-10-09T14:48:32 IST" name="findTallestStructure" finished-at="2024-10-09T14:48:33 IST" duration-ms="457" status="PASS">
          <reporter-output>
          </reporter-output>
        </test-method> <!-- findTallestStructure -->
        <test-method signature="verifyColumnsInLastRow()[pri:0, instance:com.assessment.WebTableTechlistic@3febb011]" started-at="2024-10-09T14:48:33 IST" name="verifyColumnsInLastRow" finished-at="2024-10-09T14:48:33 IST" duration-ms="60" status="PASS">
          <reporter-output>
          </reporter-output>
        </test-method> <!-- verifyColumnsInLastRow -->
        <test-method signature="verifyStructureValues()[pri:0, instance:com.assessment.WebTableTechlistic@3febb011]" started-at="2024-10-09T14:48:33 IST" name="verifyStructureValues" finished-at="2024-10-09T14:48:35 IST" duration-ms="2168" status="PASS">
          <reporter-output>
          </reporter-output>
        </test-method> <!-- verifyStructureValues -->
        <test-method is-config="true" signature="tearDown()[pri:0, instance:com.assessment.WebTableTechlistic@3febb011]" started-at="2024-10-09T14:48:35 IST" name="tearDown" finished-at="2024-10-09T14:48:36 IST" duration-ms="1402" status="PASS">
          <reporter-output>
          </reporter-output>
        </test-method> <!-- tearDown -->
      </class> <!-- com.assessment.WebTableTechlistic -->
    </test> <!-- Default test -->
  </suite> <!-- Default suite -->
</testng-results>
