<?xml version="1.0" encoding="UTF-8"?>
<!-- Generated by org.testng.reporters.JUnitReportReporter -->
<testsuite hostname="DESKTOP-DRTC6PB" failures="0" tests="3" name="com.assessment.WebTableTechlistic" time="2.685" errors="0" timestamp="2024-10-09T14:48:37 IST" skipped="0">
  <testcase classname="com.assessment.WebTableTechlistic" name="verifyColumnsInLastRow" time="0.060"/>
  <system-out/>
  <testcase classname="com.assessment.WebTableTechlistic" name="findTallestStructure" time="0.457"/>
  <system-out/>
  <testcase classname="com.assessment.WebTableTechlistic" name="verifyStructureValues" time="2.168"/>
  <system-out/>
</testsuite> <!-- com.assessment.WebTableTechlistic -->
